Metodo Principal :ejecutarProcesoSiiEnvia() :: Termino con exito :ejecutarProcesoSiiEnvia
Termino con exito
27/12/2017 10:20:22
===
Metodo Principal :ejecutarProcesoSiiEnvia() :: Termino con exito :ejecutarProcesoSiiEnvia
Termino con exito
27/12/2017 10:20:28
===
Metodo Principal :ejecutarProcesoSiiEnvia() :: Termino con exito :ejecutarProcesoSiiEnvia
Termino con exito
27/12/2017 10:21:15
===
Metodo Principal :ejecutarProcesoSiiEnvia() :: Termino con exito :ejecutarProcesoSiiEnvia
Termino con exito
27/12/2017 10:21:23
===
Metodo Principal :ejecutarProcesoSiiEnvia() :: Error al ejecutar metodo
Archivo no encontrado.
02/01/2018 9:38:07
===
Metodo Principal :ejecutarProcesoSiiEnvia() :: Error al ejecutar metodo
Archivo no encontrado.
02/01/2018 9:39:16
===
